[2021-05-20 10:30:46,873][ERROR][zmaxx-etl.db-client] f != java.lang.Long
[2021-05-20 10:30:46,915][ERROR][zmaxx-etl.db-client] f != java.lang.Long
[2021-05-20 10:30:46,919][ERROR][zmaxx-etl.db-client] f != java.lang.Long
[2021-05-20 10:30:46,921][ERROR][zmaxx-etl.db-client] f != java.lang.Long
[2021-05-20 10:30:46,922][ERROR][zmaxx-etl.db-client] f != java.lang.Long
[2021-05-20 10:30:46,923][ERROR][zmaxx-etl.db-client] f != java.lang.Long
[2021-05-20 10:30:46,924][ERROR][zmaxx-etl.db-client] f != java.lang.Long
[2021-05-20 10:30:46,926][ERROR][zmaxx-etl.db-client] f != java.lang.Long
[2021-05-20 10:30:46,927][ERROR][zmaxx-etl.db-client] f != java.lang.Long
[2021-05-20 10:30:46,931][ERROR][zmaxx-etl.db-client] f != java.lang.Long
[2021-05-20 10:30:46,933][ERROR][zmaxx-etl.db-client] f != java.lang.Long
[2021-05-20 10:30:46,934][ERROR][zmaxx-etl.db-client] f != java.lang.Long
[2021-05-20 10:30:46,936][ERROR][zmaxx-etl.db-client] f != java.lang.Long
[2021-05-20 10:30:46,938][ERROR][zmaxx-etl.db-client] f != java.lang.Long
[2021-05-20 10:30:46,939][ERROR][zmaxx-etl.db-client] f != java.lang.Long
[2021-05-20 10:30:46,941][ERROR][zmaxx-etl.db-client] f != java.lang.Long
[2021-05-20 10:30:48,614][INFO][zmaxx-etl.db-client] 
 INSERT INTO `rb_merchandise_cate` ( 
				     `cate1_name`, 
				     `cate2_name`, 
                                     `cate3_name`,
                                     `cate3_id`, 
                                     `payment`,
                                     `gross_profit`,
                                     `gross`, 
                                     `modify_date`)
                                     VALUES
                                     ( '休闲零食','饼干糕点', '曲奇饼干', 324, 4505.62, 0.35, 1579.74, now());


[2021-05-20 10:30:49,323][INFO][zmaxx-etl.db-client] 
 INSERT INTO `rb_merchandise_cate` ( 
				     `cate1_name`, 
				     `cate2_name`, 
                                     `cate3_name`,
                                     `cate3_id`, 
                                     `payment`,
                                     `gross_profit`,
                                     `gross`, 
                                     `modify_date`)
                                     VALUES
                                     ( '休闲零食','饼干糕点', '威化饼干', 325, 97.70, 0.77, 75.3, now());


[2021-05-20 10:30:50,259][INFO][zmaxx-etl.db-client] 
 INSERT INTO `rb_merchandise_cate` ( 
				     `cate1_name`, 
				     `cate2_name`, 
                                     `cate3_name`,
                                     `cate3_id`, 
                                     `payment`,
                                     `gross_profit`,
                                     `gross`, 
                                     `modify_date`)
                                     VALUES
                                     ( '休闲零食','饼干糕点', '蛋卷', 326, 361.20, 0.22, 78.4, now());


[2021-05-20 10:30:50,984][INFO][zmaxx-etl.db-client] 
 INSERT INTO `rb_merchandise_cate` ( 
				     `cate1_name`, 
				     `cate2_name`, 
                                     `cate3_name`,
                                     `cate3_id`, 
                                     `payment`,
                                     `gross_profit`,
                                     `gross`, 
                                     `modify_date`)
                                     VALUES
                                     ( '休闲零食','饼干糕点', '苏打饼干', 327, 6312.60, 0.42, 2652.15, now());


[2021-05-20 10:30:51,655][INFO][zmaxx-etl.db-client] 
 INSERT INTO `rb_merchandise_cate` ( 
				     `cate1_name`, 
				     `cate2_name`, 
                                     `cate3_name`,
                                     `cate3_id`, 
                                     `payment`,
                                     `gross_profit`,
                                     `gross`, 
                                     `modify_date`)
                                     VALUES
                                     ( '休闲零食','饼干糕点', '面包干', 393, 80.80, 0.61, 49.6, now());


[2021-05-20 10:30:52,346][ERROR][zmaxx-etl.db-client] f != java.lang.Long
[2021-05-20 10:30:52,347][ERROR][zmaxx-etl.db-client] f != java.lang.Long
[2021-05-20 10:30:52,349][ERROR][zmaxx-etl.db-client] f != java.lang.Long
[2021-05-20 10:30:52,351][ERROR][zmaxx-etl.db-client] f != java.lang.Long
[2021-05-20 10:30:52,353][ERROR][zmaxx-etl.db-client] f != java.lang.Long
[2021-05-20 10:30:52,361][ERROR][zmaxx-etl.db-client] f != java.lang.Long
[2021-05-20 10:30:52,362][ERROR][zmaxx-etl.db-client] f != java.lang.Long
[2021-05-20 10:30:52,364][ERROR][zmaxx-etl.db-client] f != java.lang.Long
[2021-05-20 10:30:52,365][ERROR][zmaxx-etl.db-client] f != java.lang.Long
[2021-05-20 10:30:52,367][ERROR][zmaxx-etl.db-client] f != java.lang.Long
[2021-05-20 10:30:52,368][ERROR][zmaxx-etl.db-client] f != java.lang.Long
[2021-05-20 10:30:52,369][ERROR][zmaxx-etl.db-client] f != java.lang.Long
[2021-05-20 10:30:52,370][ERROR][zmaxx-etl.db-client] f != java.lang.Long
[2021-05-20 10:30:52,372][ERROR][zmaxx-etl.db-client] f != java.lang.Long
[2021-05-20 10:30:52,373][ERROR][zmaxx-etl.db-client] f != java.lang.Long
[2021-05-20 10:30:52,374][ERROR][zmaxx-etl.db-client] f != java.lang.Long
[2021-05-20 10:30:52,375][ERROR][zmaxx-etl.db-client] f != java.lang.Long
[2021-05-20 10:30:52,377][ERROR][zmaxx-etl.db-client] f != java.lang.Long
[2021-05-20 10:30:52,378][ERROR][zmaxx-etl.db-client] f != java.lang.Long
[2021-05-20 10:30:52,379][ERROR][zmaxx-etl.db-client] f != java.lang.Long
[2021-05-20 10:30:52,380][ERROR][zmaxx-etl.db-client] f != java.lang.Long
[2021-05-20 10:30:52,906][ERROR][zmaxx-etl.db-client] f != java.lang.Long
[2021-05-20 10:30:53,552][INFO][zmaxx-etl.db-client] 
 INSERT INTO `rb_merchandise_cate` ( 
				     `cate1_name`, 
				     `cate2_name`, 
                                     `cate3_name`,
                                     `cate3_id`, 
                                     `payment`,
                                     `gross_profit`,
                                     `gross`, 
                                     `modify_date`)
                                     VALUES
                                     ( '休闲零食','肉脯卤味', '卤味合集', 336, 1455.00, 0.61, 891.6, now());


[2021-05-20 10:30:54,468][INFO][zmaxx-etl.db-client] 
 INSERT INTO `rb_merchandise_cate` ( 
				     `cate1_name`, 
				     `cate2_name`, 
                                     `cate3_name`,
                                     `cate3_id`, 
                                     `payment`,
                                     `gross_profit`,
                                     `gross`, 
                                     `modify_date`)
                                     VALUES
                                     ( '休闲零食','肉脯卤味', '豆干辣条', 337, 1194.00, 0.46, 547.5, now());


[2021-05-20 10:30:55,168][INFO][zmaxx-etl.db-client] 
 INSERT INTO `rb_merchandise_cate` ( 
				     `cate1_name`, 
				     `cate2_name`, 
                                     `cate3_name`,
                                     `cate3_id`, 
                                     `payment`,
                                     `gross_profit`,
                                     `gross`, 
                                     `modify_date`)
                                     VALUES
                                     ( '休闲零食','膨化食品', '薯类', 338, 902.00, 0.19, 174.9, now());


[2021-05-20 10:30:55,838][INFO][zmaxx-etl.db-client] 
 INSERT INTO `rb_merchandise_cate` ( 
				     `cate1_name`, 
				     `cate2_name`, 
                                     `cate3_name`,
                                     `cate3_id`, 
                                     `payment`,
                                     `gross_profit`,
                                     `gross`, 
                                     `modify_date`)
                                     VALUES
                                     ( '休闲零食','膨化食品', '干脆面', 339, 10557.30, 0.5, 5236.2, now());


[2021-05-20 10:30:56,487][INFO][zmaxx-etl.db-client] 
 INSERT INTO `rb_merchandise_cate` ( 
				     `cate1_name`, 
				     `cate2_name`, 
                                     `cate3_name`,
                                     `cate3_id`, 
                                     `payment`,
                                     `gross_profit`,
                                     `gross`, 
                                     `modify_date`)
                                     VALUES
                                     ( '休闲零食','膨化食品', '锅巴', 340, 75.00, 0.38, 28.6, now());


[2021-05-20 10:30:57,163][INFO][zmaxx-etl.db-client] 
 INSERT INTO `rb_merchandise_cate` ( 
				     `cate1_name`, 
				     `cate2_name`, 
                                     `cate3_name`,
                                     `cate3_id`, 
                                     `payment`,
                                     `gross_profit`,
                                     `gross`, 
                                     `modify_date`)
                                     VALUES
                                     ( '休闲零食','膨化食品', '海苔类', 341, 2333.70, 0.24, 564.56, now());


[2021-05-20 10:30:57,985][INFO][zmaxx-etl.db-client] 
 INSERT INTO `rb_merchandise_cate` ( 
				     `cate1_name`, 
				     `cate2_name`, 
                                     `cate3_name`,
                                     `cate3_id`, 
                                     `payment`,
                                     `gross_profit`,
                                     `gross`, 
                                     `modify_date`)
                                     VALUES
                                     ( '休闲零食','膨化食品', '其他膨化', 342, 7533.10, 0.3, 2274.97, now());


[2021-05-20 10:30:58,739][INFO][zmaxx-etl.db-client] 
 INSERT INTO `rb_merchandise_cate` ( 
				     `cate1_name`, 
				     `cate2_name`, 
                                     `cate3_name`,
                                     `cate3_id`, 
                                     `payment`,
                                     `gross_profit`,
                                     `gross`, 
                                     `modify_date`)
                                     VALUES
                                     ( '休闲零食','蜜饯果干', '蔬果干', 343, 3003.10, 0.48, 1428.96, now());


[2021-05-20 10:30:58,745][ERROR][zmaxx-etl.db-client] f != java.lang.Long
[2021-05-20 10:30:59,922][INFO][zmaxx-etl.db-client] 
 INSERT INTO `rb_merchandise_cate` ( 
				     `cate1_name`, 
				     `cate2_name`, 
                                     `cate3_name`,
                                     `cate3_id`, 
                                     `payment`,
                                     `gross_profit`,
                                     `gross`, 
                                     `modify_date`)
                                     VALUES
                                     ( '休闲零食','糖果巧克力', '巧克力', 345, 1300.50, 0.27, 345.83, now());


[2021-05-20 10:31:00,609][INFO][zmaxx-etl.db-client] 
 INSERT INTO `rb_merchandise_cate` ( 
				     `cate1_name`, 
				     `cate2_name`, 
                                     `cate3_name`,
                                     `cate3_id`, 
                                     `payment`,
                                     `gross_profit`,
                                     `gross`, 
                                     `modify_date`)
                                     VALUES
                                     ( '休闲零食','糖果巧克力', '糖果', 346, 1455.10, 0.55, 798.73, now());


[2021-05-20 10:31:01,439][INFO][zmaxx-etl.db-client] 
 INSERT INTO `rb_merchandise_cate` ( 
				     `cate1_name`, 
				     `cate2_name`, 
                                     `cate3_name`,
                                     `cate3_id`, 
                                     `payment`,
                                     `gross_profit`,
                                     `gross`, 
                                     `modify_date`)
                                     VALUES
                                     ( '休闲零食','糖果巧克力', '奶片/奶贝', 347, 595.30, 0.31, 184.33, now());


[2021-05-20 10:31:01,445][ERROR][zmaxx-etl.db-client] f != java.lang.Long
[2021-05-20 10:31:01,446][ERROR][zmaxx-etl.db-client] f != java.lang.Long
[2021-05-20 10:31:02,383][INFO][zmaxx-etl.db-client] 
 INSERT INTO `rb_merchandise_cate` ( 
				     `cate1_name`, 
				     `cate2_name`, 
                                     `cate3_name`,
                                     `cate3_id`, 
                                     `payment`,
                                     `gross_profit`,
                                     `gross`, 
                                     `modify_date`)
                                     VALUES
                                     ( '方便速食','方便自热', '方便面/粉丝', 349, 2043.80, 0.16, 335.8, now());


[2021-05-20 10:31:02,390][ERROR][zmaxx-etl.db-client] f != java.lang.Long
[2021-05-20 10:31:03,037][ERROR][zmaxx-etl.db-client] f != java.lang.Long
[2021-05-20 10:31:03,855][INFO][zmaxx-etl.db-client] 
 INSERT INTO `rb_merchandise_cate` ( 
				     `cate1_name`, 
				     `cate2_name`, 
                                     `cate3_name`,
                                     `cate3_id`, 
                                     `payment`,
                                     `gross_profit`,
                                     `gross`, 
                                     `modify_date`)
                                     VALUES
                                     ( '方便速食','罐头食品', '肉类罐头', 352, 10.90, 0.21, 2.32, now());


[2021-05-20 10:31:03,859][ERROR][zmaxx-etl.db-client] f != java.lang.Long
[2021-05-20 10:31:03,860][ERROR][zmaxx-etl.db-client] f != java.lang.Long
[2021-05-20 10:31:03,861][ERROR][zmaxx-etl.db-client] f != java.lang.Long
[2021-05-20 10:31:03,863][ERROR][zmaxx-etl.db-client] f != java.lang.Long
[2021-05-20 10:31:03,864][ERROR][zmaxx-etl.db-client] f != java.lang.Long
[2021-05-20 10:31:03,868][ERROR][zmaxx-etl.db-client] f != java.lang.Long
[2021-05-20 10:31:05,159][ERROR][zmaxx-etl.db-client] f != java.lang.Long
[2021-05-20 10:31:05,162][ERROR][zmaxx-etl.db-client] f != java.lang.Long
[2021-05-20 10:31:05,163][ERROR][zmaxx-etl.db-client] f != java.lang.Long
[2021-05-20 10:31:05,164][ERROR][zmaxx-etl.db-client] f != java.lang.Long
[2021-05-20 10:31:05,775][ERROR][zmaxx-etl.db-client] f != java.lang.Long
[2021-05-20 10:31:05,777][ERROR][zmaxx-etl.db-client] f != java.lang.Long
[2021-05-20 10:31:05,778][ERROR][zmaxx-etl.db-client] f != java.lang.Long
[2021-05-20 10:31:06,309][ERROR][zmaxx-etl.db-client] f != java.lang.Long
[2021-05-20 10:31:06,311][ERROR][zmaxx-etl.db-client] f != java.lang.Long
[2021-05-20 10:31:07,060][ERROR][zmaxx-etl.db-client] f != java.lang.Long
[2021-05-20 10:31:07,064][ERROR][zmaxx-etl.db-client] f != java.lang.Long
[2021-05-20 10:31:07,065][ERROR][zmaxx-etl.db-client] f != java.lang.Long
[2021-05-20 10:31:07,066][ERROR][zmaxx-etl.db-client] f != java.lang.Long
[2021-05-20 10:31:07,067][ERROR][zmaxx-etl.db-client] f != java.lang.Long
[2021-05-20 10:31:07,068][ERROR][zmaxx-etl.db-client] f != java.lang.Long
[2021-05-20 10:31:07,069][ERROR][zmaxx-etl.db-client] f != java.lang.Long
[2021-05-20 10:31:07,071][ERROR][zmaxx-etl.db-client] f != java.lang.Long
[2021-05-20 10:31:07,072][ERROR][zmaxx-etl.db-client] f != java.lang.Long
[2021-05-20 10:31:07,073][ERROR][zmaxx-etl.db-client] f != java.lang.Long
[2021-05-20 10:31:07,074][ERROR][zmaxx-etl.db-client] f != java.lang.Long
[2021-05-20 10:31:07,077][ERROR][zmaxx-etl.db-client] f != java.lang.Long
[2021-05-20 10:31:07,078][ERROR][zmaxx-etl.db-client] f != java.lang.Long
[2021-05-20 10:31:07,079][ERROR][zmaxx-etl.db-client] f != java.lang.Long
[2021-05-20 10:31:07,080][ERROR][zmaxx-etl.db-client] f != java.lang.Long
[2021-05-20 10:31:07,594][ERROR][zmaxx-etl.db-client] f != java.lang.Long
[2021-05-20 10:31:07,595][ERROR][zmaxx-etl.db-client] f != java.lang.Long
[2021-05-20 10:31:08,231][ERROR][zmaxx-etl.db-client] f != java.lang.Long
[2021-05-20 10:31:08,233][ERROR][zmaxx-etl.db-client] f != java.lang.Long
[2021-05-20 10:31:08,785][INFO][zmaxx-etl.db-client] 
 INSERT INTO `rb_merchandise_cate` ( 
				     `cate1_name`, 
				     `cate2_name`, 
                                     `cate3_name`,
                                     `cate3_id`, 
                                     `payment`,
                                     `gross_profit`,
                                     `gross`, 
                                     `modify_date`)
                                     VALUES
                                     ( '个人保健','营养保健', '膳食补充', 383, 641.70, 0.33, 210.5, now());


[2021-05-20 10:31:09,527][INFO][zmaxx-etl.db-client] 
 INSERT INTO `rb_merchandise_cate` ( 
				     `cate1_name`, 
				     `cate2_name`, 
                                     `cate3_name`,
                                     `cate3_id`, 
                                     `payment`,
                                     `gross_profit`,
                                     `gross`, 
                                     `modify_date`)
                                     VALUES
                                     ( '冰品类','冷冻冷藏', '冰淇淋', 384, 621.50, 0.52, 322.84, now());


[2021-05-20 10:31:09,538][ERROR][zmaxx-etl.db-client] f != java.lang.Long
[2021-05-20 10:31:09,539][ERROR][zmaxx-etl.db-client] f != java.lang.Long
[2021-05-20 10:31:09,540][ERROR][zmaxx-etl.db-client] f != java.lang.Long
[2021-05-20 10:31:09,543][ERROR][zmaxx-etl.db-client] f != java.lang.Long
[2021-05-20 10:31:09,544][ERROR][zmaxx-etl.db-client] f != java.lang.Long
[2021-05-20 10:31:10,089][ERROR][zmaxx-etl.db-client] f != java.lang.Long
[2021-05-20 10:40:47,963][ERROR][zmaxx-etl.db-client] f != java.lang.Long
[2021-05-20 10:40:47,967][ERROR][zmaxx-etl.db-client] f != java.lang.Long
[2021-05-20 10:40:47,968][ERROR][zmaxx-etl.db-client] f != java.lang.Long
[2021-05-20 10:40:47,997][ERROR][zmaxx-etl.db-client] f != java.lang.Long
[2021-05-20 10:40:48,011][ERROR][zmaxx-etl.db-client] f != java.lang.Long
[2021-05-20 10:40:48,015][ERROR][zmaxx-etl.db-client] f != java.lang.Long
[2021-05-20 10:40:48,016][ERROR][zmaxx-etl.db-client] f != java.lang.Long
[2021-05-20 10:40:48,021][ERROR][zmaxx-etl.db-client] f != java.lang.Long
[2021-05-20 10:40:48,021][ERROR][zmaxx-etl.db-client] f != java.lang.Long
[2021-05-20 10:40:48,041][ERROR][zmaxx-etl.db-client] f != java.lang.Long
[2021-05-20 10:40:48,041][ERROR][zmaxx-etl.db-client] f != java.lang.Long
[2021-05-20 10:40:48,041][ERROR][zmaxx-etl.db-client] f != java.lang.Long
[2021-05-20 10:40:48,041][ERROR][zmaxx-etl.db-client] f != java.lang.Long
[2021-05-20 10:40:48,041][ERROR][zmaxx-etl.db-client] f != java.lang.Long
[2021-05-20 10:40:48,041][ERROR][zmaxx-etl.db-client] f != java.lang.Long
[2021-05-20 10:40:48,042][ERROR][zmaxx-etl.db-client] f != java.lang.Long
[2021-05-20 10:40:50,390][INFO][zmaxx-etl.db-client] 
 INSERT INTO `rb_merchandise_cate` ( 
				     `cate1_name`, 
				     `cate2_name`, 
                                     `cate3_name`,
                                     `cate3_id`, 
                                     `payment`,
                                     `gross_profit`,
                                     `gross`, 
                                     `modify_date`)
                                     VALUES
                                     ( '休闲零食','饼干糕点', '曲奇饼干', 324, 4505.62, 0.35, 1579.74, now());


[2021-05-20 10:40:50,397][INFO][zmaxx-etl.db-client] 
 INSERT INTO `rb_merchandise_cate` ( 
				     `cate1_name`, 
				     `cate2_name`, 
                                     `cate3_name`,
                                     `cate3_id`, 
                                     `payment`,
                                     `gross_profit`,
                                     `gross`, 
                                     `modify_date`)
                                     VALUES
                                     ( '休闲零食','饼干糕点', '威化饼干', 325, 97.70, 0.77, 75.3, now());


[2021-05-20 10:40:50,635][INFO][zmaxx-etl.db-client] 
 INSERT INTO `rb_merchandise_cate` ( 
				     `cate1_name`, 
				     `cate2_name`, 
                                     `cate3_name`,
                                     `cate3_id`, 
                                     `payment`,
                                     `gross_profit`,
                                     `gross`, 
                                     `modify_date`)
                                     VALUES
                                     ( '休闲零食','饼干糕点', '蛋卷', 326, 361.20, 0.22, 78.4, now());


[2021-05-20 10:40:50,641][INFO][zmaxx-etl.db-client] 
 INSERT INTO `rb_merchandise_cate` ( 
				     `cate1_name`, 
				     `cate2_name`, 
                                     `cate3_name`,
                                     `cate3_id`, 
                                     `payment`,
                                     `gross_profit`,
                                     `gross`, 
                                     `modify_date`)
                                     VALUES
                                     ( '休闲零食','饼干糕点', '苏打饼干', 327, 6312.60, 0.42, 2652.15, now());


[2021-05-20 10:40:50,644][INFO][zmaxx-etl.db-client] 
 INSERT INTO `rb_merchandise_cate` ( 
				     `cate1_name`, 
				     `cate2_name`, 
                                     `cate3_name`,
                                     `cate3_id`, 
                                     `payment`,
                                     `gross_profit`,
                                     `gross`, 
                                     `modify_date`)
                                     VALUES
                                     ( '休闲零食','饼干糕点', '面包干', 393, 80.80, 0.61, 49.6, now());


[2021-05-20 10:40:50,648][ERROR][zmaxx-etl.db-client] f != java.lang.Long
[2021-05-20 10:40:50,649][ERROR][zmaxx-etl.db-client] f != java.lang.Long
[2021-05-20 10:40:50,650][ERROR][zmaxx-etl.db-client] f != java.lang.Long
[2021-05-20 10:40:50,650][ERROR][zmaxx-etl.db-client] f != java.lang.Long
[2021-05-20 10:40:50,651][ERROR][zmaxx-etl.db-client] f != java.lang.Long
[2021-05-20 10:40:50,652][ERROR][zmaxx-etl.db-client] f != java.lang.Long
[2021-05-20 10:40:50,654][ERROR][zmaxx-etl.db-client] f != java.lang.Long
[2021-05-20 10:40:50,654][ERROR][zmaxx-etl.db-client] f != java.lang.Long
[2021-05-20 10:40:50,655][ERROR][zmaxx-etl.db-client] f != java.lang.Long
[2021-05-20 10:40:50,656][ERROR][zmaxx-etl.db-client] f != java.lang.Long
[2021-05-20 10:40:50,656][ERROR][zmaxx-etl.db-client] f != java.lang.Long
[2021-05-20 10:40:50,656][ERROR][zmaxx-etl.db-client] f != java.lang.Long
[2021-05-20 10:40:50,656][ERROR][zmaxx-etl.db-client] f != java.lang.Long
[2021-05-20 10:40:50,657][ERROR][zmaxx-etl.db-client] f != java.lang.Long
[2021-05-20 10:40:50,658][ERROR][zmaxx-etl.db-client] f != java.lang.Long
[2021-05-20 10:40:50,658][ERROR][zmaxx-etl.db-client] f != java.lang.Long
[2021-05-20 10:40:50,659][ERROR][zmaxx-etl.db-client] f != java.lang.Long
[2021-05-20 10:40:50,663][ERROR][zmaxx-etl.db-client] f != java.lang.Long
[2021-05-20 10:40:50,664][ERROR][zmaxx-etl.db-client] f != java.lang.Long
[2021-05-20 10:40:50,664][ERROR][zmaxx-etl.db-client] f != java.lang.Long
[2021-05-20 10:40:50,665][ERROR][zmaxx-etl.db-client] f != java.lang.Long
[2021-05-20 10:40:52,106][ERROR][zmaxx-etl.db-client] f != java.lang.Long
[2021-05-20 10:40:52,677][INFO][zmaxx-etl.db-client] 
 INSERT INTO `rb_merchandise_cate` ( 
				     `cate1_name`, 
				     `cate2_name`, 
                                     `cate3_name`,
                                     `cate3_id`, 
                                     `payment`,
                                     `gross_profit`,
                                     `gross`, 
                                     `modify_date`)
                                     VALUES
                                     ( '休闲零食','肉脯卤味', '卤味合集', 336, 1455.00, 0.61, 891.6, now());


[2021-05-20 10:40:53,405][INFO][zmaxx-etl.db-client] 
 INSERT INTO `rb_merchandise_cate` ( 
				     `cate1_name`, 
				     `cate2_name`, 
                                     `cate3_name`,
                                     `cate3_id`, 
                                     `payment`,
                                     `gross_profit`,
                                     `gross`, 
                                     `modify_date`)
                                     VALUES
                                     ( '休闲零食','肉脯卤味', '豆干辣条', 337, 1194.00, 0.46, 547.5, now());


[2021-05-20 10:40:53,413][INFO][zmaxx-etl.db-client] 
 INSERT INTO `rb_merchandise_cate` ( 
				     `cate1_name`, 
				     `cate2_name`, 
                                     `cate3_name`,
                                     `cate3_id`, 
                                     `payment`,
                                     `gross_profit`,
                                     `gross`, 
                                     `modify_date`)
                                     VALUES
                                     ( '休闲零食','膨化食品', '薯类', 338, 902.00, 0.19, 174.9, now());


[2021-05-20 10:40:53,415][INFO][zmaxx-etl.db-client] 
 INSERT INTO `rb_merchandise_cate` ( 
				     `cate1_name`, 
				     `cate2_name`, 
                                     `cate3_name`,
                                     `cate3_id`, 
                                     `payment`,
                                     `gross_profit`,
                                     `gross`, 
                                     `modify_date`)
                                     VALUES
                                     ( '休闲零食','膨化食品', '干脆面', 339, 10557.30, 0.5, 5236.2, now());


[2021-05-20 10:40:54,102][INFO][zmaxx-etl.db-client] 
 INSERT INTO `rb_merchandise_cate` ( 
				     `cate1_name`, 
				     `cate2_name`, 
                                     `cate3_name`,
                                     `cate3_id`, 
                                     `payment`,
                                     `gross_profit`,
                                     `gross`, 
                                     `modify_date`)
                                     VALUES
                                     ( '休闲零食','膨化食品', '锅巴', 340, 75.00, 0.38, 28.6, now());


[2021-05-20 10:40:54,200][INFO][zmaxx-etl.db-client] 
 INSERT INTO `rb_merchandise_cate` ( 
				     `cate1_name`, 
				     `cate2_name`, 
                                     `cate3_name`,
                                     `cate3_id`, 
                                     `payment`,
                                     `gross_profit`,
                                     `gross`, 
                                     `modify_date`)
                                     VALUES
                                     ( '休闲零食','膨化食品', '海苔类', 341, 2333.70, 0.24, 564.56, now());


[2021-05-20 10:40:54,358][INFO][zmaxx-etl.db-client] 
 INSERT INTO `rb_merchandise_cate` ( 
				     `cate1_name`, 
				     `cate2_name`, 
                                     `cate3_name`,
                                     `cate3_id`, 
                                     `payment`,
                                     `gross_profit`,
                                     `gross`, 
                                     `modify_date`)
                                     VALUES
                                     ( '休闲零食','膨化食品', '其他膨化', 342, 7533.10, 0.3, 2274.97, now());


[2021-05-20 10:40:54,582][INFO][zmaxx-etl.db-client] 
 INSERT INTO `rb_merchandise_cate` ( 
				     `cate1_name`, 
				     `cate2_name`, 
                                     `cate3_name`,
                                     `cate3_id`, 
                                     `payment`,
                                     `gross_profit`,
                                     `gross`, 
                                     `modify_date`)
                                     VALUES
                                     ( '休闲零食','蜜饯果干', '蔬果干', 343, 3003.10, 0.48, 1428.96, now());


[2021-05-20 10:40:54,585][ERROR][zmaxx-etl.db-client] f != java.lang.Long
[2021-05-20 10:40:55,500][INFO][zmaxx-etl.db-client] 
 INSERT INTO `rb_merchandise_cate` ( 
				     `cate1_name`, 
				     `cate2_name`, 
                                     `cate3_name`,
                                     `cate3_id`, 
                                     `payment`,
                                     `gross_profit`,
                                     `gross`, 
                                     `modify_date`)
                                     VALUES
                                     ( '休闲零食','糖果巧克力', '巧克力', 345, 1300.50, 0.27, 345.83, now());


[2021-05-20 10:40:55,509][INFO][zmaxx-etl.db-client] 
 INSERT INTO `rb_merchandise_cate` ( 
				     `cate1_name`, 
				     `cate2_name`, 
                                     `cate3_name`,
                                     `cate3_id`, 
                                     `payment`,
                                     `gross_profit`,
                                     `gross`, 
                                     `modify_date`)
                                     VALUES
                                     ( '休闲零食','糖果巧克力', '糖果', 346, 1455.10, 0.55, 798.73, now());


[2021-05-20 10:40:55,512][INFO][zmaxx-etl.db-client] 
 INSERT INTO `rb_merchandise_cate` ( 
				     `cate1_name`, 
				     `cate2_name`, 
                                     `cate3_name`,
                                     `cate3_id`, 
                                     `payment`,
                                     `gross_profit`,
                                     `gross`, 
                                     `modify_date`)
                                     VALUES
                                     ( '休闲零食','糖果巧克力', '奶片/奶贝', 347, 595.30, 0.31, 184.33, now());


[2021-05-20 10:40:55,515][ERROR][zmaxx-etl.db-client] f != java.lang.Long
[2021-05-20 10:40:55,515][ERROR][zmaxx-etl.db-client] f != java.lang.Long
[2021-05-20 10:40:56,877][INFO][zmaxx-etl.db-client] 
 INSERT INTO `rb_merchandise_cate` ( 
				     `cate1_name`, 
				     `cate2_name`, 
                                     `cate3_name`,
                                     `cate3_id`, 
                                     `payment`,
                                     `gross_profit`,
                                     `gross`, 
                                     `modify_date`)
                                     VALUES
                                     ( '方便速食','方便自热', '方便面/粉丝', 349, 2043.80, 0.16, 335.8, now());


[2021-05-20 10:40:56,886][ERROR][zmaxx-etl.db-client] f != java.lang.Long
[2021-05-20 10:40:56,886][ERROR][zmaxx-etl.db-client] f != java.lang.Long
[2021-05-20 10:40:56,887][INFO][zmaxx-etl.db-client] 
 INSERT INTO `rb_merchandise_cate` ( 
				     `cate1_name`, 
				     `cate2_name`, 
                                     `cate3_name`,
                                     `cate3_id`, 
                                     `payment`,
                                     `gross_profit`,
                                     `gross`, 
                                     `modify_date`)
                                     VALUES
                                     ( '方便速食','罐头食品', '肉类罐头', 352, 10.90, 0.21, 2.32, now());


[2021-05-20 10:40:56,891][ERROR][zmaxx-etl.db-client] f != java.lang.Long
[2021-05-20 10:40:56,891][ERROR][zmaxx-etl.db-client] f != java.lang.Long
[2021-05-20 10:40:56,892][ERROR][zmaxx-etl.db-client] f != java.lang.Long
[2021-05-20 10:40:56,892][ERROR][zmaxx-etl.db-client] f != java.lang.Long
[2021-05-20 10:40:56,893][ERROR][zmaxx-etl.db-client] f != java.lang.Long
[2021-05-20 10:40:56,898][ERROR][zmaxx-etl.db-client] f != java.lang.Long
[2021-05-20 10:40:57,988][ERROR][zmaxx-etl.db-client] f != java.lang.Long
[2021-05-20 10:40:57,988][ERROR][zmaxx-etl.db-client] f != java.lang.Long
[2021-05-20 10:40:57,989][ERROR][zmaxx-etl.db-client] f != java.lang.Long
[2021-05-20 10:40:57,989][ERROR][zmaxx-etl.db-client] f != java.lang.Long
[2021-05-20 10:40:57,990][ERROR][zmaxx-etl.db-client] f != java.lang.Long
[2021-05-20 10:40:57,990][ERROR][zmaxx-etl.db-client] f != java.lang.Long
[2021-05-20 10:40:57,990][ERROR][zmaxx-etl.db-client] f != java.lang.Long
[2021-05-20 10:40:58,596][ERROR][zmaxx-etl.db-client] f != java.lang.Long
[2021-05-20 10:40:58,597][ERROR][zmaxx-etl.db-client] f != java.lang.Long
[2021-05-20 10:40:58,736][ERROR][zmaxx-etl.db-client] f != java.lang.Long
[2021-05-20 10:40:58,749][ERROR][zmaxx-etl.db-client] f != java.lang.Long
[2021-05-20 10:40:58,749][ERROR][zmaxx-etl.db-client] f != java.lang.Long
[2021-05-20 10:40:58,750][ERROR][zmaxx-etl.db-client] f != java.lang.Long
[2021-05-20 10:40:58,750][ERROR][zmaxx-etl.db-client] f != java.lang.Long
[2021-05-20 10:40:58,751][ERROR][zmaxx-etl.db-client] f != java.lang.Long
[2021-05-20 10:40:58,751][ERROR][zmaxx-etl.db-client] f != java.lang.Long
[2021-05-20 10:40:58,753][ERROR][zmaxx-etl.db-client] f != java.lang.Long
[2021-05-20 10:40:58,753][ERROR][zmaxx-etl.db-client] f != java.lang.Long
[2021-05-20 10:40:58,753][ERROR][zmaxx-etl.db-client] f != java.lang.Long
[2021-05-20 10:40:58,753][ERROR][zmaxx-etl.db-client] f != java.lang.Long
[2021-05-20 10:40:58,758][ERROR][zmaxx-etl.db-client] f != java.lang.Long
[2021-05-20 10:40:58,759][ERROR][zmaxx-etl.db-client] f != java.lang.Long
[2021-05-20 10:40:58,759][ERROR][zmaxx-etl.db-client] f != java.lang.Long
[2021-05-20 10:40:58,759][ERROR][zmaxx-etl.db-client] f != java.lang.Long
[2021-05-20 10:40:59,567][ERROR][zmaxx-etl.db-client] f != java.lang.Long
[2021-05-20 10:40:59,567][ERROR][zmaxx-etl.db-client] f != java.lang.Long
[2021-05-20 10:40:59,710][ERROR][zmaxx-etl.db-client] f != java.lang.Long
[2021-05-20 10:40:59,711][ERROR][zmaxx-etl.db-client] f != java.lang.Long
[2021-05-20 10:40:59,711][INFO][zmaxx-etl.db-client] 
 INSERT INTO `rb_merchandise_cate` ( 
				     `cate1_name`, 
				     `cate2_name`, 
                                     `cate3_name`,
                                     `cate3_id`, 
                                     `payment`,
                                     `gross_profit`,
                                     `gross`, 
                                     `modify_date`)
                                     VALUES
                                     ( '个人保健','营养保健', '膳食补充', 383, 641.70, 0.33, 210.5, now());


[2021-05-20 10:41:00,449][INFO][zmaxx-etl.db-client] 
 INSERT INTO `rb_merchandise_cate` ( 
				     `cate1_name`, 
				     `cate2_name`, 
                                     `cate3_name`,
                                     `cate3_id`, 
                                     `payment`,
                                     `gross_profit`,
                                     `gross`, 
                                     `modify_date`)
                                     VALUES
                                     ( '冰品类','冷冻冷藏', '冰淇淋', 384, 621.50, 0.52, 322.84, now());


[2021-05-20 10:41:00,456][ERROR][zmaxx-etl.db-client] f != java.lang.Long
[2021-05-20 10:41:00,456][ERROR][zmaxx-etl.db-client] f != java.lang.Long
[2021-05-20 10:41:00,457][ERROR][zmaxx-etl.db-client] f != java.lang.Long
[2021-05-20 10:41:00,457][ERROR][zmaxx-etl.db-client] f != java.lang.Long
[2021-05-20 10:41:00,457][ERROR][zmaxx-etl.db-client] f != java.lang.Long
[2021-05-20 10:41:00,457][ERROR][zmaxx-etl.db-client] f != java.lang.Long
